<?xml version="1.0" encoding="UTF-8"?>
<!-- Generated by org.testng.reporters.JUnitReportReporter -->
<testsuite skipped="0" hostname="G18KLSUMITM1" name="com.clubkitchen.qa.testcases.MamacitaMenuPageTest" tests="6" failures="0" timestamp="17 Dec 2019 06:32:46 GMT" time="12.836" errors="1">
  <testcase name="NavigateHomePageTest" time="0.017" classname="com.clubkitchen.qa.testcases.MamacitaMenuPageTest"/>
  <testcase name="HomePageTitleTest" time="0.014" classname="com.clubkitchen.qa.testcases.MamacitaMenuPageTest"/>
  <testcase name="GoToHomePage" time="3.529" classname="com.clubkitchen.qa.testcases.MamacitaMenuPageTest"/>
  <testcase name="QuesadillasMenu" time="0.703" classname="com.clubkitchen.qa.testcases.MamacitaMenuPageTest"/>
  <testcase name="SelectOneItemQuesadillasMenu" time="3.623" classname="com.clubkitchen.qa.testcases.MamacitaMenuPageTest"/>
  <testcase name="GetAllExtras" time="4.950" classname="com.clubkitchen.qa.testcases.MamacitaMenuPageTest">
    <error type="java.lang.IndexOutOfBoundsException" message="Index: 11, Size: 11">
      <![CDATA[java.lang.IndexOutOfBoundsException: Index: 11, Size: 11
at java.util.ArrayList.rangeCheck(Unknown Source)
at java.util.ArrayList.get(Unknown Source)
at com.clubkitchen.qa.testcases.MamacitaMenuPageTest.GetAllExtras(MamacitaMenuPageTest.java:84)
at sun.reflect.NativeMethodAccessorImpl.invoke0(Native Method)
at sun.reflect.NativeMethodAccessorImpl.invoke(Unknown Source)
at sun.reflect.DelegatingMethodAccessorImpl.invoke(Unknown Source)
at java.lang.reflect.Method.invoke(Unknown Source)
at org.testng.internal.MethodInvocationHelper.invokeMethod(MethodInvocationHelper.java:124)
at org.testng.internal.Invoker.invokeMethod(Invoker.java:583)
at org.testng.internal.Invoker.invokeTestMethod(Invoker.java:719)
at org.testng.internal.Invoker.invokeTestMethods(Invoker.java:989)
at org.testng.internal.TestMethodWorker.invokeTestMethods(TestMethodWorker.java:125)
at org.testng.internal.TestMethodWorker.run(TestMethodWorker.java:109)
at org.testng.TestRunner.privateRun(TestRunner.java:648)
at org.testng.TestRunner.run(TestRunner.java:505)
at org.testng.SuiteRunner.runTest(SuiteRunner.java:455)
at org.testng.SuiteRunner.runSequentially(SuiteRunner.java:450)
at org.testng.SuiteRunner.privateRun(SuiteRunner.java:415)
at org.testng.SuiteRunner.run(SuiteRunner.java:364)
at org.testng.SuiteRunnerWorker.runSuite(SuiteRunnerWorker.java:52)
at org.testng.SuiteRunnerWorker.run(SuiteRunnerWorker.java:84)
at org.testng.TestNG.runSuitesSequentially(TestNG.java:1208)
at org.testng.TestNG.runSuitesLocally(TestNG.java:1137)
at org.testng.TestNG.runSuites(TestNG.java:1049)
at org.testng.TestNG.run(TestNG.java:1017)
at org.testng.remote.AbstractRemoteTestNG.run(AbstractRemoteTestNG.java:115)
at org.testng.remote.RemoteTestNG.initAndRun(RemoteTestNG.java:251)
at org.testng.remote.RemoteTestNG.main(RemoteTestNG.java:77)
]]>
    </error>
  </testcase> <!-- GetAllExtras -->
</testsuite> <!-- com.clubkitchen.qa.testcases.MamacitaMenuPageTest -->
